{"D:\\CODE\\MVVM\\MVVM.js": {"path":"D:\\CODE\\MVVM\\MVVM.js","statementMap":{"0":{"start":{"line":1,"column":17},"end":{"line":1,"column":38}},"1":{"start":{"line":2,"column":16},"end":{"line":2,"column":37}},"2":{"start":{"line":6,"column":8},"end":{"line":6,"column":27}},"3":{"start":{"line":7,"column":8},"end":{"line":7,"column":31}},"4":{"start":{"line":10,"column":8},"end":{"line":15,"column":9}},"5":{"start":{"line":12,"column":12},"end":{"line":12,"column":36}},"6":{"start":{"line":14,"column":12},"end":{"line":14,"column":38}},"7":{"start":{"line":18,"column":0},"end":{"line":18,"column":22}}},"fnMap":{"0":{"name":"(anonymous_0)","decl":{"start":{"line":4,"column":4},"end":{"line":4,"column":5}},"loc":{"start":{"line":4,"column":25},"end":{"line":16,"column":5}},"line":4}},"branchMap":{"0":{"loc":{"start":{"line":10,"column":8},"end":{"line":15,"column":9}},"type":"if","locations":[{"start":{"line":10,"column":8},"end":{"line":15,"column":9}},{"start":{},"end":{}}],"line":10}},"s":{"0":1,"1":1,"2":1,"3":1,"4":1,"5":1,"6":0,"7":1},"f":{"0":1},"b":{"0":[1,0]},"_coverageSchema":"1a1c01bbd47fc00a2c39e90264f33305004495a9","hash":"b141296eaad8acc95181e361e6ead0e2099d2c37"}
,"D:\\CODE\\MVVM\\compile.js": {"path":"D:\\CODE\\MVVM\\compile.js","statementMap":{"0":{"start":{"line":5,"column":8},"end":{"line":5,"column":75}},"1":{"start":{"line":6,"column":8},"end":{"line":6,"column":18}},"2":{"start":{"line":7,"column":8},"end":{"line":15,"column":9}},"3":{"start":{"line":10,"column":25},"end":{"line":10,"column":52}},"4":{"start":{"line":12,"column":12},"end":{"line":12,"column":34}},"5":{"start":{"line":14,"column":12},"end":{"line":14,"column":41}},"6":{"start":{"line":20,"column":8},"end":{"line":20,"column":35}},"7":{"start":{"line":23,"column":8},"end":{"line":23,"column":34}},"8":{"start":{"line":28,"column":23},"end":{"line":28,"column":56}},"9":{"start":{"line":30,"column":8},"end":{"line":32,"column":9}},"10":{"start":{"line":31,"column":12},"end":{"line":31,"column":44}},"11":{"start":{"line":33,"column":8},"end":{"line":33,"column":23}},"12":{"start":{"line":38,"column":25},"end":{"line":38,"column":44}},"13":{"start":{"line":39,"column":8},"end":{"line":56,"column":9}},"14":{"start":{"line":40,"column":12},"end":{"line":54,"column":13}},"15":{"start":{"line":43,"column":12},"end":{"line":43,"column":38}},"16":{"start":{"line":47,"column":16},"end":{"line":47,"column":34}},"17":{"start":{"line":53,"column":12},"end":{"line":53,"column":34}},"18":{"start":{"line":61,"column":18},"end":{"line":61,"column":33}},"19":{"start":{"line":62,"column":8},"end":{"line":72,"column":10}},"20":{"start":{"line":64,"column":12},"end":{"line":70,"column":13}},"21":{"start":{"line":66,"column":27},"end":{"line":66,"column":37}},"22":{"start":{"line":68,"column":30},"end":{"line":68,"column":50}},"23":{"start":{"line":69,"column":16},"end":{"line":69,"column":60}},"24":{"start":{"line":76,"column":19},"end":{"line":76,"column":35}},"25":{"start":{"line":78,"column":18},"end":{"line":78,"column":36}},"26":{"start":{"line":79,"column":8},"end":{"line":81,"column":9}},"27":{"start":{"line":80,"column":11},"end":{"line":80,"column":57}},"28":{"start":{"line":84,"column":16},"end":{"line":141,"column":5}},"29":{"start":{"line":86,"column":12},"end":{"line":86,"column":34}},"30":{"start":{"line":87,"column":12},"end":{"line":89,"column":23}},"31":{"start":{"line":88,"column":16},"end":{"line":88,"column":33}},"32":{"start":{"line":92,"column":12},"end":{"line":94,"column":14}},"33":{"start":{"line":93,"column":16},"end":{"line":93,"column":50}},"34":{"start":{"line":97,"column":27},"end":{"line":97,"column":54}},"35":{"start":{"line":98,"column":22},"end":{"line":98,"column":46}},"36":{"start":{"line":100,"column":12},"end":{"line":105,"column":14}},"37":{"start":{"line":101,"column":16},"end":{"line":104,"column":18}},"38":{"start":{"line":103,"column":20},"end":{"line":103,"column":71}},"39":{"start":{"line":106,"column":12},"end":{"line":106,"column":44}},"40":{"start":{"line":109,"column":12},"end":{"line":109,"column":34}},"41":{"start":{"line":110,"column":12},"end":{"line":115,"column":23}},"42":{"start":{"line":111,"column":16},"end":{"line":113,"column":17}},"43":{"start":{"line":112,"column":20},"end":{"line":112,"column":46}},"44":{"start":{"line":114,"column":16},"end":{"line":114,"column":33}},"45":{"start":{"line":118,"column":27},"end":{"line":118,"column":55}},"46":{"start":{"line":120,"column":12},"end":{"line":123,"column":14}},"47":{"start":{"line":122,"column":16},"end":{"line":122,"column":63}},"48":{"start":{"line":124,"column":12},"end":{"line":127,"column":15}},"49":{"start":{"line":125,"column":31},"end":{"line":125,"column":45}},"50":{"start":{"line":126,"column":16},"end":{"line":126,"column":45}},"51":{"start":{"line":128,"column":12},"end":{"line":128,"column":59}},"52":{"start":{"line":134,"column":16},"end":{"line":134,"column":41}},"53":{"start":{"line":138,"column":16},"end":{"line":138,"column":35}},"54":{"start":{"line":145,"column":0},"end":{"line":145,"column":24}}},"fnMap":{"0":{"name":"(anonymous_0)","decl":{"start":{"line":3,"column":4},"end":{"line":3,"column":5}},"loc":{"start":{"line":3,"column":23},"end":{"line":16,"column":5}},"line":3},"1":{"name":"(anonymous_1)","decl":{"start":{"line":19,"column":4},"end":{"line":19,"column":5}},"loc":{"start":{"line":19,"column":23},"end":{"line":21,"column":5}},"line":19},"2":{"name":"(anonymous_2)","decl":{"start":{"line":22,"column":4},"end":{"line":22,"column":5}},"loc":{"start":{"line":22,"column":21},"end":{"line":24,"column":5}},"line":22},"3":{"name":"(anonymous_3)","decl":{"start":{"line":27,"column":4},"end":{"line":27,"column":5}},"loc":{"start":{"line":27,"column":21},"end":{"line":34,"column":5}},"line":27},"4":{"name":"(anonymous_4)","decl":{"start":{"line":36,"column":4},"end":{"line":36,"column":5}},"loc":{"start":{"line":36,"column":21},"end":{"line":57,"column":5}},"line":36},"5":{"name":"(anonymous_5)","decl":{"start":{"line":39,"column":39},"end":{"line":39,"column":40}},"loc":{"start":{"line":39,"column":45},"end":{"line":55,"column":13}},"line":39},"6":{"name":"(anonymous_6)","decl":{"start":{"line":59,"column":4},"end":{"line":59,"column":5}},"loc":{"start":{"line":59,"column":24},"end":{"line":73,"column":5}},"line":59},"7":{"name":"(anonymous_7)","decl":{"start":{"line":62,"column":34},"end":{"line":62,"column":35}},"loc":{"start":{"line":62,"column":40},"end":{"line":72,"column":9}},"line":62},"8":{"name":"(anonymous_8)","decl":{"start":{"line":75,"column":4},"end":{"line":75,"column":5}},"loc":{"start":{"line":75,"column":22},"end":{"line":82,"column":5}},"line":75},"9":{"name":"(anonymous_9)","decl":{"start":{"line":85,"column":8},"end":{"line":85,"column":9}},"loc":{"start":{"line":85,"column":23},"end":{"line":90,"column":9}},"line":85},"10":{"name":"(anonymous_10)","decl":{"start":{"line":87,"column":31},"end":{"line":87,"column":32}},"loc":{"start":{"line":87,"column":44},"end":{"line":89,"column":13}},"line":87},"11":{"name":"(anonymous_11)","decl":{"start":{"line":91,"column":8},"end":{"line":91,"column":9}},"loc":{"start":{"line":91,"column":27},"end":{"line":95,"column":9}},"line":91},"12":{"name":"(anonymous_12)","decl":{"start":{"line":92,"column":52},"end":{"line":92,"column":53}},"loc":{"start":{"line":92,"column":67},"end":{"line":94,"column":13}},"line":92},"13":{"name":"(anonymous_13)","decl":{"start":{"line":96,"column":8},"end":{"line":96,"column":9}},"loc":{"start":{"line":96,"column":29},"end":{"line":107,"column":9}},"line":96},"14":{"name":"(anonymous_14)","decl":{"start":{"line":100,"column":44},"end":{"line":100,"column":45}},"loc":{"start":{"line":100,"column":59},"end":{"line":105,"column":13}},"line":100},"15":{"name":"(anonymous_15)","decl":{"start":{"line":101,"column":43},"end":{"line":101,"column":44}},"loc":{"start":{"line":101,"column":47},"end":{"line":104,"column":17}},"line":101},"16":{"name":"(anonymous_16)","decl":{"start":{"line":108,"column":8},"end":{"line":108,"column":9}},"loc":{"start":{"line":108,"column":33},"end":{"line":116,"column":9}},"line":108},"17":{"name":"(anonymous_17)","decl":{"start":{"line":110,"column":31},"end":{"line":110,"column":32}},"loc":{"start":{"line":110,"column":57},"end":{"line":115,"column":13}},"line":110},"18":{"name":"(anonymous_18)","decl":{"start":{"line":117,"column":8},"end":{"line":117,"column":9}},"loc":{"start":{"line":117,"column":27},"end":{"line":129,"column":9}},"line":117},"19":{"name":"(anonymous_19)","decl":{"start":{"line":120,"column":32},"end":{"line":120,"column":33}},"loc":{"start":{"line":120,"column":44},"end":{"line":123,"column":13}},"line":120},"20":{"name":"(anonymous_20)","decl":{"start":{"line":124,"column":43},"end":{"line":124,"column":44}},"loc":{"start":{"line":124,"column":50},"end":{"line":127,"column":13}},"line":124},"21":{"name":"(anonymous_21)","decl":{"start":{"line":133,"column":12},"end":{"line":133,"column":13}},"loc":{"start":{"line":133,"column":36},"end":{"line":135,"column":13}},"line":133},"22":{"name":"(anonymous_22)","decl":{"start":{"line":137,"column":12},"end":{"line":137,"column":13}},"loc":{"start":{"line":137,"column":36},"end":{"line":139,"column":13}},"line":137}},"branchMap":{"0":{"loc":{"start":{"line":5,"column":18},"end":{"line":5,"column":74}},"type":"cond-expr","locations":[{"start":{"line":5,"column":43},"end":{"line":5,"column":45}},{"start":{"line":5,"column":48},"end":{"line":5,"column":74}}],"line":5},"1":{"loc":{"start":{"line":7,"column":8},"end":{"line":15,"column":9}},"type":"if","locations":[{"start":{"line":7,"column":8},"end":{"line":15,"column":9}},{"start":{},"end":{}}],"line":7},"2":{"loc":{"start":{"line":40,"column":12},"end":{"line":54,"column":13}},"type":"if","locations":[{"start":{"line":40,"column":12},"end":{"line":54,"column":13}},{"start":{"line":50,"column":17},"end":{"line":54,"column":13}}],"line":40},"3":{"loc":{"start":{"line":64,"column":12},"end":{"line":70,"column":13}},"type":"if","locations":[{"start":{"line":64,"column":12},"end":{"line":70,"column":13}},{"start":{},"end":{}}],"line":64},"4":{"loc":{"start":{"line":79,"column":8},"end":{"line":81,"column":9}},"type":"if","locations":[{"start":{"line":79,"column":8},"end":{"line":81,"column":9}},{"start":{},"end":{}}],"line":79},"5":{"loc":{"start":{"line":103,"column":20},"end":{"line":103,"column":71}},"type":"binary-expr","locations":[{"start":{"line":103,"column":20},"end":{"line":103,"column":28}},{"start":{"line":103,"column":32},"end":{"line":103,"column":71}}],"line":103},"6":{"loc":{"start":{"line":106,"column":12},"end":{"line":106,"column":44}},"type":"binary-expr","locations":[{"start":{"line":106,"column":12},"end":{"line":106,"column":20}},{"start":{"line":106,"column":24},"end":{"line":106,"column":44}}],"line":106},"7":{"loc":{"start":{"line":111,"column":16},"end":{"line":113,"column":17}},"type":"if","locations":[{"start":{"line":111,"column":16},"end":{"line":113,"column":17}},{"start":{},"end":{}}],"line":111},"8":{"loc":{"start":{"line":122,"column":16},"end":{"line":122,"column":63}},"type":"binary-expr","locations":[{"start":{"line":122,"column":16},"end":{"line":122,"column":24}},{"start":{"line":122,"column":28},"end":{"line":122,"column":63}}],"line":122},"9":{"loc":{"start":{"line":128,"column":12},"end":{"line":128,"column":59}},"type":"binary-expr","locations":[{"start":{"line":128,"column":12},"end":{"line":128,"column":20}},{"start":{"line":128,"column":24},"end":{"line":128,"column":59}}],"line":128}},"s":{"0":0,"1":0,"2":0,"3":0,"4":0,"5":0,"6":0,"7":0,"8":0,"9":0,"10":0,"11":0,"12":0,"13":0,"14":0,"15":0,"16":0,"17":0,"18":0,"19":0,"20":0,"21":0,"22":0,"23":0,"24":0,"25":0,"26":0,"27":0,"28":0,"29":0,"30":0,"31":0,"32":0,"33":0,"34":0,"35":0,"36":0,"37":0,"38":0,"39":0,"40":0,"41":0,"42":0,"43":0,"44":0,"45":0,"46":0,"47":0,"48":0,"49":0,"50":0,"51":0,"52":0,"53":0,"54":1},"f":{"0":0,"1":0,"2":0,"3":0,"4":0,"5":0,"6":0,"7":0,"8":0,"9":0,"10":0,"11":0,"12":0,"13":0,"14":0,"15":0,"16":0,"17":0,"18":0,"19":0,"20":0,"21":0,"22":0},"b":{"0":[0,0],"1":[0,0],"2":[0,0],"3":[0,0],"4":[0,0],"5":[0,0],"6":[0,0],"7":[0,0],"8":[0,0],"9":[0,0]},"_coverageSchema":"1a1c01bbd47fc00a2c39e90264f33305004495a9","hash":"872bdde2aa10f43af09e47eacab1d40955866097"}
,"D:\\CODE\\MVVM\\observer.js": {"path":"D:\\CODE\\MVVM\\observer.js","statementMap":{"0":{"start":{"line":3,"column":8},"end":{"line":3,"column":26}},"1":{"start":{"line":7,"column":8},"end":{"line":9,"column":9}},"2":{"start":{"line":8,"column":12},"end":{"line":8,"column":18}},"3":{"start":{"line":11,"column":8},"end":{"line":16,"column":10}},"4":{"start":{"line":13,"column":12},"end":{"line":13,"column":51}},"5":{"start":{"line":15,"column":12},"end":{"line":15,"column":35}},"6":{"start":{"line":21,"column":17},"end":{"line":21,"column":21}},"7":{"start":{"line":22,"column":18},"end":{"line":22,"column":27}},"8":{"start":{"line":23,"column":8},"end":{"line":37,"column":10}},"9":{"start":{"line":27,"column":16},"end":{"line":27,"column":52}},"10":{"start":{"line":28,"column":16},"end":{"line":28,"column":28}},"11":{"start":{"line":31,"column":16},"end":{"line":35,"column":17}},"12":{"start":{"line":32,"column":20},"end":{"line":32,"column":42}},"13":{"start":{"line":33,"column":20},"end":{"line":33,"column":36}},"14":{"start":{"line":34,"column":20},"end":{"line":34,"column":32}},"15":{"start":{"line":45,"column":8},"end":{"line":45,"column":20}},"16":{"start":{"line":48,"column":8},"end":{"line":48,"column":31}},"17":{"start":{"line":51,"column":8},"end":{"line":53,"column":10}},"18":{"start":{"line":52,"column":12},"end":{"line":52,"column":28}},"19":{"start":{"line":57,"column":0},"end":{"line":57,"column":25}}},"fnMap":{"0":{"name":"(anonymous_0)","decl":{"start":{"line":2,"column":4},"end":{"line":2,"column":5}},"loc":{"start":{"line":2,"column":22},"end":{"line":4,"column":5}},"line":2},"1":{"name":"(anonymous_1)","decl":{"start":{"line":5,"column":4},"end":{"line":5,"column":5}},"loc":{"start":{"line":5,"column":17},"end":{"line":18,"column":5}},"line":5},"2":{"name":"(anonymous_2)","decl":{"start":{"line":11,"column":34},"end":{"line":11,"column":35}},"loc":{"start":{"line":11,"column":39},"end":{"line":16,"column":9}},"line":11},"3":{"name":"(anonymous_3)","decl":{"start":{"line":20,"column":4},"end":{"line":20,"column":5}},"loc":{"start":{"line":20,"column":33},"end":{"line":39,"column":5}},"line":20},"4":{"name":"(anonymous_4)","decl":{"start":{"line":26,"column":12},"end":{"line":26,"column":13}},"loc":{"start":{"line":26,"column":17},"end":{"line":29,"column":13}},"line":26},"5":{"name":"(anonymous_5)","decl":{"start":{"line":30,"column":12},"end":{"line":30,"column":13}},"loc":{"start":{"line":30,"column":26},"end":{"line":36,"column":13}},"line":30},"6":{"name":"(anonymous_6)","decl":{"start":{"line":43,"column":4},"end":{"line":43,"column":5}},"loc":{"start":{"line":43,"column":18},"end":{"line":46,"column":5}},"line":43},"7":{"name":"(anonymous_7)","decl":{"start":{"line":47,"column":4},"end":{"line":47,"column":5}},"loc":{"start":{"line":47,"column":19},"end":{"line":49,"column":5}},"line":47},"8":{"name":"(anonymous_8)","decl":{"start":{"line":50,"column":4},"end":{"line":50,"column":5}},"loc":{"start":{"line":50,"column":12},"end":{"line":54,"column":5}},"line":50},"9":{"name":"(anonymous_9)","decl":{"start":{"line":51,"column":26},"end":{"line":51,"column":27}},"loc":{"start":{"line":51,"column":35},"end":{"line":53,"column":9}},"line":51}},"branchMap":{"0":{"loc":{"start":{"line":7,"column":8},"end":{"line":9,"column":9}},"type":"if","locations":[{"start":{"line":7,"column":8},"end":{"line":9,"column":9}},{"start":{},"end":{}}],"line":7},"1":{"loc":{"start":{"line":7,"column":12},"end":{"line":7,"column":45}},"type":"binary-expr","locations":[{"start":{"line":7,"column":12},"end":{"line":7,"column":17}},{"start":{"line":7,"column":21},"end":{"line":7,"column":45}}],"line":7},"2":{"loc":{"start":{"line":27,"column":16},"end":{"line":27,"column":52}},"type":"binary-expr","locations":[{"start":{"line":27,"column":16},"end":{"line":27,"column":26}},{"start":{"line":27,"column":30},"end":{"line":27,"column":52}}],"line":27},"3":{"loc":{"start":{"line":31,"column":16},"end":{"line":35,"column":17}},"type":"if","locations":[{"start":{"line":31,"column":16},"end":{"line":35,"column":17}},{"start":{},"end":{}}],"line":31}},"s":{"0":0,"1":0,"2":0,"3":0,"4":0,"5":0,"6":0,"7":0,"8":0,"9":0,"10":0,"11":0,"12":0,"13":0,"14":0,"15":0,"16":0,"17":0,"18":0,"19":1},"f":{"0":0,"1":0,"2":0,"3":0,"4":0,"5":0,"6":0,"7":0,"8":0,"9":0},"b":{"0":[0,0],"1":[0,0],"2":[0,0],"3":[0,0]},"_coverageSchema":"1a1c01bbd47fc00a2c39e90264f33305004495a9","hash":"3b7903ef40af959d46e26e25f6868c9af39ef61e"}
,"D:\\CODE\\MVVM\\watcher.js": {"path":"D:\\CODE\\MVVM\\watcher.js","statementMap":{"0":{"start":{"line":5,"column":8},"end":{"line":5,"column":18}},"1":{"start":{"line":6,"column":8},"end":{"line":6,"column":22}},"2":{"start":{"line":7,"column":8},"end":{"line":7,"column":18}},"3":{"start":{"line":9,"column":8},"end":{"line":9,"column":29}},"4":{"start":{"line":12,"column":8},"end":{"line":12,"column":30}},"5":{"start":{"line":13,"column":8},"end":{"line":15,"column":19}},"6":{"start":{"line":14,"column":12},"end":{"line":14,"column":29}},"7":{"start":{"line":18,"column":8},"end":{"line":18,"column":25}},"8":{"start":{"line":19,"column":18},"end":{"line":19,"column":48}},"9":{"start":{"line":20,"column":8},"end":{"line":20,"column":25}},"10":{"start":{"line":21,"column":8},"end":{"line":21,"column":20}},"11":{"start":{"line":25,"column":23},"end":{"line":25,"column":54}},"12":{"start":{"line":26,"column":23},"end":{"line":26,"column":33}},"13":{"start":{"line":27,"column":8},"end":{"line":29,"column":9}},"14":{"start":{"line":28,"column":12},"end":{"line":28,"column":29}},"15":{"start":{"line":33,"column":0},"end":{"line":35,"column":1}}},"fnMap":{"0":{"name":"(anonymous_0)","decl":{"start":{"line":4,"column":4},"end":{"line":4,"column":5}},"loc":{"start":{"line":4,"column":28},"end":{"line":10,"column":5}},"line":4},"1":{"name":"(anonymous_1)","decl":{"start":{"line":11,"column":4},"end":{"line":11,"column":5}},"loc":{"start":{"line":11,"column":19},"end":{"line":16,"column":5}},"line":11},"2":{"name":"(anonymous_2)","decl":{"start":{"line":13,"column":27},"end":{"line":13,"column":28}},"loc":{"start":{"line":13,"column":40},"end":{"line":15,"column":9}},"line":13},"3":{"name":"(anonymous_3)","decl":{"start":{"line":17,"column":4},"end":{"line":17,"column":5}},"loc":{"start":{"line":17,"column":9},"end":{"line":22,"column":5}},"line":17},"4":{"name":"(anonymous_4)","decl":{"start":{"line":24,"column":4},"end":{"line":24,"column":5}},"loc":{"start":{"line":24,"column":12},"end":{"line":30,"column":5}},"line":24}},"branchMap":{"0":{"loc":{"start":{"line":27,"column":8},"end":{"line":29,"column":9}},"type":"if","locations":[{"start":{"line":27,"column":8},"end":{"line":29,"column":9}},{"start":{},"end":{}}],"line":27}},"s":{"0":0,"1":0,"2":0,"3":0,"4":0,"5":0,"6":0,"7":0,"8":0,"9":0,"10":0,"11":0,"12":0,"13":0,"14":0,"15":1},"f":{"0":0,"1":0,"2":0,"3":0,"4":0},"b":{"0":[0,0]},"_coverageSchema":"1a1c01bbd47fc00a2c39e90264f33305004495a9","hash":"01599b24a852f3ac1b275f30f27539c54e91656d"}
}
