{"D:\\CODE\\MVVM\\MVVM.js": {"path":"D:\\CODE\\MVVM\\MVVM.js","statementMap":{"0":{"start":{"line":7,"column":8},"end":{"line":7,"column":27}},"1":{"start":{"line":8,"column":8},"end":{"line":8,"column":31}},"2":{"start":{"line":11,"column":8},"end":{"line":16,"column":9}},"3":{"start":{"line":13,"column":12},"end":{"line":13,"column":36}},"4":{"start":{"line":15,"column":12},"end":{"line":15,"column":38}}},"fnMap":{"0":{"name":"(anonymous_0)","decl":{"start":{"line":5,"column":4},"end":{"line":5,"column":5}},"loc":{"start":{"line":5,"column":25},"end":{"line":17,"column":5}},"line":5}},"branchMap":{"0":{"loc":{"start":{"line":11,"column":8},"end":{"line":16,"column":9}},"type":"if","locations":[{"start":{"line":11,"column":8},"end":{"line":16,"column":9}},{"start":{},"end":{}}],"line":11}},"s":{"0":1,"1":1,"2":1,"3":1,"4":1},"f":{"0":1},"b":{"0":[1,0]},"_coverageSchema":"1a1c01bbd47fc00a2c39e90264f33305004495a9","hash":"469153945e36aeb68d226a9c9859848748ac0031"}
,"D:\\CODE\\MVVM\\compile.js": {"path":"D:\\CODE\\MVVM\\compile.js","statementMap":{"0":{"start":{"line":6,"column":8},"end":{"line":6,"column":75}},"1":{"start":{"line":7,"column":8},"end":{"line":7,"column":18}},"2":{"start":{"line":8,"column":8},"end":{"line":16,"column":9}},"3":{"start":{"line":11,"column":25},"end":{"line":11,"column":52}},"4":{"start":{"line":13,"column":12},"end":{"line":13,"column":34}},"5":{"start":{"line":15,"column":12},"end":{"line":15,"column":41}},"6":{"start":{"line":21,"column":8},"end":{"line":21,"column":35}},"7":{"start":{"line":24,"column":8},"end":{"line":24,"column":34}},"8":{"start":{"line":29,"column":23},"end":{"line":29,"column":56}},"9":{"start":{"line":31,"column":8},"end":{"line":33,"column":9}},"10":{"start":{"line":32,"column":12},"end":{"line":32,"column":44}},"11":{"start":{"line":34,"column":8},"end":{"line":34,"column":23}},"12":{"start":{"line":39,"column":25},"end":{"line":39,"column":44}},"13":{"start":{"line":40,"column":8},"end":{"line":57,"column":9}},"14":{"start":{"line":41,"column":12},"end":{"line":55,"column":13}},"15":{"start":{"line":44,"column":12},"end":{"line":44,"column":38}},"16":{"start":{"line":48,"column":16},"end":{"line":48,"column":34}},"17":{"start":{"line":54,"column":12},"end":{"line":54,"column":34}},"18":{"start":{"line":62,"column":18},"end":{"line":62,"column":33}},"19":{"start":{"line":63,"column":8},"end":{"line":73,"column":10}},"20":{"start":{"line":65,"column":12},"end":{"line":71,"column":13}},"21":{"start":{"line":67,"column":27},"end":{"line":67,"column":37}},"22":{"start":{"line":69,"column":30},"end":{"line":69,"column":50}},"23":{"start":{"line":70,"column":16},"end":{"line":70,"column":60}},"24":{"start":{"line":77,"column":19},"end":{"line":77,"column":35}},"25":{"start":{"line":79,"column":18},"end":{"line":79,"column":36}},"26":{"start":{"line":80,"column":8},"end":{"line":82,"column":9}},"27":{"start":{"line":81,"column":11},"end":{"line":81,"column":57}},"28":{"start":{"line":85,"column":16},"end":{"line":142,"column":5}},"29":{"start":{"line":87,"column":12},"end":{"line":87,"column":34}},"30":{"start":{"line":88,"column":12},"end":{"line":90,"column":23}},"31":{"start":{"line":89,"column":16},"end":{"line":89,"column":33}},"32":{"start":{"line":93,"column":12},"end":{"line":95,"column":14}},"33":{"start":{"line":94,"column":16},"end":{"line":94,"column":50}},"34":{"start":{"line":98,"column":27},"end":{"line":98,"column":54}},"35":{"start":{"line":99,"column":22},"end":{"line":99,"column":46}},"36":{"start":{"line":101,"column":12},"end":{"line":106,"column":14}},"37":{"start":{"line":102,"column":16},"end":{"line":105,"column":18}},"38":{"start":{"line":104,"column":20},"end":{"line":104,"column":71}},"39":{"start":{"line":107,"column":12},"end":{"line":107,"column":44}},"40":{"start":{"line":110,"column":12},"end":{"line":110,"column":34}},"41":{"start":{"line":111,"column":12},"end":{"line":116,"column":23}},"42":{"start":{"line":112,"column":16},"end":{"line":114,"column":17}},"43":{"start":{"line":113,"column":20},"end":{"line":113,"column":46}},"44":{"start":{"line":115,"column":16},"end":{"line":115,"column":33}},"45":{"start":{"line":119,"column":27},"end":{"line":119,"column":55}},"46":{"start":{"line":121,"column":12},"end":{"line":124,"column":14}},"47":{"start":{"line":123,"column":16},"end":{"line":123,"column":63}},"48":{"start":{"line":125,"column":12},"end":{"line":128,"column":15}},"49":{"start":{"line":126,"column":31},"end":{"line":126,"column":45}},"50":{"start":{"line":127,"column":16},"end":{"line":127,"column":45}},"51":{"start":{"line":129,"column":12},"end":{"line":129,"column":59}},"52":{"start":{"line":135,"column":16},"end":{"line":135,"column":41}},"53":{"start":{"line":139,"column":16},"end":{"line":139,"column":35}}},"fnMap":{"0":{"name":"(anonymous_0)","decl":{"start":{"line":4,"column":4},"end":{"line":4,"column":5}},"loc":{"start":{"line":4,"column":23},"end":{"line":17,"column":5}},"line":4},"1":{"name":"(anonymous_1)","decl":{"start":{"line":20,"column":4},"end":{"line":20,"column":5}},"loc":{"start":{"line":20,"column":23},"end":{"line":22,"column":5}},"line":20},"2":{"name":"(anonymous_2)","decl":{"start":{"line":23,"column":4},"end":{"line":23,"column":5}},"loc":{"start":{"line":23,"column":21},"end":{"line":25,"column":5}},"line":23},"3":{"name":"(anonymous_3)","decl":{"start":{"line":28,"column":4},"end":{"line":28,"column":5}},"loc":{"start":{"line":28,"column":21},"end":{"line":35,"column":5}},"line":28},"4":{"name":"(anonymous_4)","decl":{"start":{"line":37,"column":4},"end":{"line":37,"column":5}},"loc":{"start":{"line":37,"column":21},"end":{"line":58,"column":5}},"line":37},"5":{"name":"(anonymous_5)","decl":{"start":{"line":40,"column":39},"end":{"line":40,"column":40}},"loc":{"start":{"line":40,"column":45},"end":{"line":56,"column":13}},"line":40},"6":{"name":"(anonymous_6)","decl":{"start":{"line":60,"column":4},"end":{"line":60,"column":5}},"loc":{"start":{"line":60,"column":24},"end":{"line":74,"column":5}},"line":60},"7":{"name":"(anonymous_7)","decl":{"start":{"line":63,"column":34},"end":{"line":63,"column":35}},"loc":{"start":{"line":63,"column":40},"end":{"line":73,"column":9}},"line":63},"8":{"name":"(anonymous_8)","decl":{"start":{"line":76,"column":4},"end":{"line":76,"column":5}},"loc":{"start":{"line":76,"column":22},"end":{"line":83,"column":5}},"line":76},"9":{"name":"(anonymous_9)","decl":{"start":{"line":86,"column":8},"end":{"line":86,"column":9}},"loc":{"start":{"line":86,"column":23},"end":{"line":91,"column":9}},"line":86},"10":{"name":"(anonymous_10)","decl":{"start":{"line":88,"column":31},"end":{"line":88,"column":32}},"loc":{"start":{"line":88,"column":44},"end":{"line":90,"column":13}},"line":88},"11":{"name":"(anonymous_11)","decl":{"start":{"line":92,"column":8},"end":{"line":92,"column":9}},"loc":{"start":{"line":92,"column":27},"end":{"line":96,"column":9}},"line":92},"12":{"name":"(anonymous_12)","decl":{"start":{"line":93,"column":52},"end":{"line":93,"column":53}},"loc":{"start":{"line":93,"column":67},"end":{"line":95,"column":13}},"line":93},"13":{"name":"(anonymous_13)","decl":{"start":{"line":97,"column":8},"end":{"line":97,"column":9}},"loc":{"start":{"line":97,"column":29},"end":{"line":108,"column":9}},"line":97},"14":{"name":"(anonymous_14)","decl":{"start":{"line":101,"column":44},"end":{"line":101,"column":45}},"loc":{"start":{"line":101,"column":59},"end":{"line":106,"column":13}},"line":101},"15":{"name":"(anonymous_15)","decl":{"start":{"line":102,"column":43},"end":{"line":102,"column":44}},"loc":{"start":{"line":102,"column":47},"end":{"line":105,"column":17}},"line":102},"16":{"name":"(anonymous_16)","decl":{"start":{"line":109,"column":8},"end":{"line":109,"column":9}},"loc":{"start":{"line":109,"column":33},"end":{"line":117,"column":9}},"line":109},"17":{"name":"(anonymous_17)","decl":{"start":{"line":111,"column":31},"end":{"line":111,"column":32}},"loc":{"start":{"line":111,"column":57},"end":{"line":116,"column":13}},"line":111},"18":{"name":"(anonymous_18)","decl":{"start":{"line":118,"column":8},"end":{"line":118,"column":9}},"loc":{"start":{"line":118,"column":27},"end":{"line":130,"column":9}},"line":118},"19":{"name":"(anonymous_19)","decl":{"start":{"line":121,"column":32},"end":{"line":121,"column":33}},"loc":{"start":{"line":121,"column":44},"end":{"line":124,"column":13}},"line":121},"20":{"name":"(anonymous_20)","decl":{"start":{"line":125,"column":43},"end":{"line":125,"column":44}},"loc":{"start":{"line":125,"column":50},"end":{"line":128,"column":13}},"line":125},"21":{"name":"(anonymous_21)","decl":{"start":{"line":134,"column":12},"end":{"line":134,"column":13}},"loc":{"start":{"line":134,"column":36},"end":{"line":136,"column":13}},"line":134},"22":{"name":"(anonymous_22)","decl":{"start":{"line":138,"column":12},"end":{"line":138,"column":13}},"loc":{"start":{"line":138,"column":36},"end":{"line":140,"column":13}},"line":138}},"branchMap":{"0":{"loc":{"start":{"line":6,"column":18},"end":{"line":6,"column":74}},"type":"cond-expr","locations":[{"start":{"line":6,"column":43},"end":{"line":6,"column":45}},{"start":{"line":6,"column":48},"end":{"line":6,"column":74}}],"line":6},"1":{"loc":{"start":{"line":8,"column":8},"end":{"line":16,"column":9}},"type":"if","locations":[{"start":{"line":8,"column":8},"end":{"line":16,"column":9}},{"start":{},"end":{}}],"line":8},"2":{"loc":{"start":{"line":41,"column":12},"end":{"line":55,"column":13}},"type":"if","locations":[{"start":{"line":41,"column":12},"end":{"line":55,"column":13}},{"start":{"line":51,"column":17},"end":{"line":55,"column":13}}],"line":41},"3":{"loc":{"start":{"line":65,"column":12},"end":{"line":71,"column":13}},"type":"if","locations":[{"start":{"line":65,"column":12},"end":{"line":71,"column":13}},{"start":{},"end":{}}],"line":65},"4":{"loc":{"start":{"line":80,"column":8},"end":{"line":82,"column":9}},"type":"if","locations":[{"start":{"line":80,"column":8},"end":{"line":82,"column":9}},{"start":{},"end":{}}],"line":80},"5":{"loc":{"start":{"line":104,"column":20},"end":{"line":104,"column":71}},"type":"binary-expr","locations":[{"start":{"line":104,"column":20},"end":{"line":104,"column":28}},{"start":{"line":104,"column":32},"end":{"line":104,"column":71}}],"line":104},"6":{"loc":{"start":{"line":107,"column":12},"end":{"line":107,"column":44}},"type":"binary-expr","locations":[{"start":{"line":107,"column":12},"end":{"line":107,"column":20}},{"start":{"line":107,"column":24},"end":{"line":107,"column":44}}],"line":107},"7":{"loc":{"start":{"line":112,"column":16},"end":{"line":114,"column":17}},"type":"if","locations":[{"start":{"line":112,"column":16},"end":{"line":114,"column":17}},{"start":{},"end":{}}],"line":112},"8":{"loc":{"start":{"line":123,"column":16},"end":{"line":123,"column":63}},"type":"binary-expr","locations":[{"start":{"line":123,"column":16},"end":{"line":123,"column":24}},{"start":{"line":123,"column":28},"end":{"line":123,"column":63}}],"line":123},"9":{"loc":{"start":{"line":129,"column":12},"end":{"line":129,"column":59}},"type":"binary-expr","locations":[{"start":{"line":129,"column":12},"end":{"line":129,"column":20}},{"start":{"line":129,"column":24},"end":{"line":129,"column":59}}],"line":129}},"s":{"0":1,"1":1,"2":1,"3":1,"4":1,"5":0,"6":6,"7":3,"8":1,"9":1,"10":11,"11":1,"12":2,"13":2,"14":5,"15":2,"16":1,"17":3,"18":2,"19":2,"20":3,"21":1,"22":1,"23":1,"24":3,"25":3,"26":3,"27":0,"28":1,"29":0,"30":0,"31":0,"32":0,"33":0,"34":0,"35":0,"36":0,"37":0,"38":0,"39":0,"40":0,"41":0,"42":0,"43":0,"44":0,"45":1,"46":1,"47":0,"48":0,"49":0,"50":0,"51":0,"52":0,"53":0},"f":{"0":1,"1":6,"2":3,"3":1,"4":2,"5":5,"6":2,"7":3,"8":3,"9":0,"10":0,"11":0,"12":0,"13":0,"14":0,"15":0,"16":0,"17":0,"18":1,"19":0,"20":0,"21":0,"22":0},"b":{"0":[0,1],"1":[1,0],"2":[2,3],"3":[1,2],"4":[0,3],"5":[0,0],"6":[0,0],"7":[0,0],"8":[0,0],"9":[0,0]},"_coverageSchema":"1a1c01bbd47fc00a2c39e90264f33305004495a9","hash":"94e8fb44c1372f539312298d26ba64ac543d4ab1"}
,"D:\\CODE\\MVVM\\observer.js": {"path":"D:\\CODE\\MVVM\\observer.js","statementMap":{"0":{"start":{"line":3,"column":8},"end":{"line":3,"column":26}},"1":{"start":{"line":7,"column":8},"end":{"line":9,"column":9}},"2":{"start":{"line":8,"column":12},"end":{"line":8,"column":18}},"3":{"start":{"line":11,"column":8},"end":{"line":16,"column":10}},"4":{"start":{"line":13,"column":12},"end":{"line":13,"column":51}},"5":{"start":{"line":15,"column":12},"end":{"line":15,"column":35}},"6":{"start":{"line":21,"column":17},"end":{"line":21,"column":21}},"7":{"start":{"line":22,"column":18},"end":{"line":22,"column":27}},"8":{"start":{"line":23,"column":8},"end":{"line":37,"column":10}},"9":{"start":{"line":27,"column":16},"end":{"line":27,"column":52}},"10":{"start":{"line":28,"column":16},"end":{"line":28,"column":28}},"11":{"start":{"line":31,"column":16},"end":{"line":35,"column":17}},"12":{"start":{"line":32,"column":20},"end":{"line":32,"column":42}},"13":{"start":{"line":33,"column":20},"end":{"line":33,"column":36}},"14":{"start":{"line":34,"column":20},"end":{"line":34,"column":32}},"15":{"start":{"line":45,"column":8},"end":{"line":45,"column":20}},"16":{"start":{"line":48,"column":8},"end":{"line":48,"column":31}},"17":{"start":{"line":51,"column":8},"end":{"line":53,"column":10}},"18":{"start":{"line":52,"column":12},"end":{"line":52,"column":28}}},"fnMap":{"0":{"name":"(anonymous_0)","decl":{"start":{"line":2,"column":4},"end":{"line":2,"column":5}},"loc":{"start":{"line":2,"column":22},"end":{"line":4,"column":5}},"line":2},"1":{"name":"(anonymous_1)","decl":{"start":{"line":5,"column":4},"end":{"line":5,"column":5}},"loc":{"start":{"line":5,"column":17},"end":{"line":18,"column":5}},"line":5},"2":{"name":"(anonymous_2)","decl":{"start":{"line":11,"column":34},"end":{"line":11,"column":35}},"loc":{"start":{"line":11,"column":39},"end":{"line":16,"column":9}},"line":11},"3":{"name":"(anonymous_3)","decl":{"start":{"line":20,"column":4},"end":{"line":20,"column":5}},"loc":{"start":{"line":20,"column":33},"end":{"line":39,"column":5}},"line":20},"4":{"name":"(anonymous_4)","decl":{"start":{"line":26,"column":12},"end":{"line":26,"column":13}},"loc":{"start":{"line":26,"column":17},"end":{"line":29,"column":13}},"line":26},"5":{"name":"(anonymous_5)","decl":{"start":{"line":30,"column":12},"end":{"line":30,"column":13}},"loc":{"start":{"line":30,"column":26},"end":{"line":36,"column":13}},"line":30},"6":{"name":"(anonymous_6)","decl":{"start":{"line":43,"column":4},"end":{"line":43,"column":5}},"loc":{"start":{"line":43,"column":18},"end":{"line":46,"column":5}},"line":43},"7":{"name":"(anonymous_7)","decl":{"start":{"line":47,"column":4},"end":{"line":47,"column":5}},"loc":{"start":{"line":47,"column":19},"end":{"line":49,"column":5}},"line":47},"8":{"name":"(anonymous_8)","decl":{"start":{"line":50,"column":4},"end":{"line":50,"column":5}},"loc":{"start":{"line":50,"column":12},"end":{"line":54,"column":5}},"line":50},"9":{"name":"(anonymous_9)","decl":{"start":{"line":51,"column":26},"end":{"line":51,"column":27}},"loc":{"start":{"line":51,"column":35},"end":{"line":53,"column":9}},"line":51}},"branchMap":{"0":{"loc":{"start":{"line":7,"column":8},"end":{"line":9,"column":9}},"type":"if","locations":[{"start":{"line":7,"column":8},"end":{"line":9,"column":9}},{"start":{},"end":{}}],"line":7},"1":{"loc":{"start":{"line":7,"column":12},"end":{"line":7,"column":45}},"type":"binary-expr","locations":[{"start":{"line":7,"column":12},"end":{"line":7,"column":17}},{"start":{"line":7,"column":21},"end":{"line":7,"column":45}}],"line":7},"2":{"loc":{"start":{"line":27,"column":16},"end":{"line":27,"column":52}},"type":"binary-expr","locations":[{"start":{"line":27,"column":16},"end":{"line":27,"column":26}},{"start":{"line":27,"column":30},"end":{"line":27,"column":52}}],"line":27},"3":{"loc":{"start":{"line":31,"column":16},"end":{"line":35,"column":17}},"type":"if","locations":[{"start":{"line":31,"column":16},"end":{"line":35,"column":17}},{"start":{},"end":{}}],"line":31}},"s":{"0":1,"1":3,"2":1,"3":2,"4":2,"5":2,"6":2,"7":2,"8":2,"9":2,"10":2,"11":0,"12":0,"13":0,"14":0,"15":2,"16":0,"17":0,"18":0},"f":{"0":1,"1":3,"2":2,"3":2,"4":2,"5":0,"6":2,"7":0,"8":0,"9":0},"b":{"0":[1,2],"1":[3,3],"2":[2,0],"3":[0,0]},"_coverageSchema":"1a1c01bbd47fc00a2c39e90264f33305004495a9","hash":"d92cb5bca93daae55d6d2b0bd3055e1c2f4764fa"}
,"D:\\CODE\\MVVM\\watcher.js": {"path":"D:\\CODE\\MVVM\\watcher.js","statementMap":{"0":{"start":{"line":5,"column":8},"end":{"line":5,"column":18}},"1":{"start":{"line":6,"column":8},"end":{"line":6,"column":22}},"2":{"start":{"line":7,"column":8},"end":{"line":7,"column":18}},"3":{"start":{"line":9,"column":8},"end":{"line":9,"column":29}},"4":{"start":{"line":12,"column":8},"end":{"line":12,"column":30}},"5":{"start":{"line":13,"column":8},"end":{"line":15,"column":19}},"6":{"start":{"line":14,"column":12},"end":{"line":14,"column":29}},"7":{"start":{"line":18,"column":8},"end":{"line":18,"column":25}},"8":{"start":{"line":19,"column":18},"end":{"line":19,"column":48}},"9":{"start":{"line":20,"column":8},"end":{"line":20,"column":25}},"10":{"start":{"line":21,"column":8},"end":{"line":21,"column":20}},"11":{"start":{"line":25,"column":23},"end":{"line":25,"column":54}},"12":{"start":{"line":26,"column":23},"end":{"line":26,"column":33}},"13":{"start":{"line":27,"column":8},"end":{"line":29,"column":9}},"14":{"start":{"line":28,"column":12},"end":{"line":28,"column":29}}},"fnMap":{"0":{"name":"(anonymous_0)","decl":{"start":{"line":4,"column":4},"end":{"line":4,"column":5}},"loc":{"start":{"line":4,"column":28},"end":{"line":10,"column":5}},"line":4},"1":{"name":"(anonymous_1)","decl":{"start":{"line":11,"column":4},"end":{"line":11,"column":5}},"loc":{"start":{"line":11,"column":19},"end":{"line":16,"column":5}},"line":11},"2":{"name":"(anonymous_2)","decl":{"start":{"line":13,"column":27},"end":{"line":13,"column":28}},"loc":{"start":{"line":13,"column":40},"end":{"line":15,"column":9}},"line":13},"3":{"name":"(anonymous_3)","decl":{"start":{"line":17,"column":4},"end":{"line":17,"column":5}},"loc":{"start":{"line":17,"column":9},"end":{"line":22,"column":5}},"line":17},"4":{"name":"(anonymous_4)","decl":{"start":{"line":24,"column":4},"end":{"line":24,"column":5}},"loc":{"start":{"line":24,"column":12},"end":{"line":30,"column":5}},"line":24}},"branchMap":{"0":{"loc":{"start":{"line":27,"column":8},"end":{"line":29,"column":9}},"type":"if","locations":[{"start":{"line":27,"column":8},"end":{"line":29,"column":9}},{"start":{},"end":{}}],"line":27}},"s":{"0":1,"1":1,"2":1,"3":1,"4":0,"5":0,"6":0,"7":1,"8":0,"9":0,"10":0,"11":0,"12":0,"13":0,"14":0},"f":{"0":1,"1":0,"2":0,"3":1,"4":0},"b":{"0":[0,0]},"_coverageSchema":"1a1c01bbd47fc00a2c39e90264f33305004495a9","hash":"8724b477f01942efc04731f2fabaffc7e60cc9c1"}
}
